<?xml version="1.0" encoding="UTF-8"?>
<!-- Generated by org.testng.reporters.JUnitXMLReporter -->
<testsuite ignored="0" hostname="Yamini" failures="0" tests="6" name="Test" time="61.235" errors="0" timestamp="2025-08-09T10:34:59 IST">
  <testcase classname="testCases.TC001_AccountRegistrationTest" name="verify_account_registration" time="2.834"/>
  <testcase classname="testCases.TC002_AccountLoginTest" name="verify_login" time="1.137"/>
  <testcase classname="testCases.TC003_AccountLogoutTest" name="verify_logout" time="2.758"/>
  <testcase classname="testCases.TC004_AccountSearchTest" name="verify_search" time="3.294"/>
  <testcase classname="testCases.TC005_Add2CartTest" name="verifycart" time="4.88"/>
  <testcase classname="testCases.TC006_MyAccountTest" name="verify_Links" time="8.441"/>
</testsuite> <!-- Test -->
