<?xml version="1.0" encoding="UTF-8"?>
<testng-results ignored="0" total="1" passed="1" failed="0" skipped="0">
  <reporter-output>
  </reporter-output>
  <suite started-at="2025-08-04T20:40:41 IST" name="Default suite" finished-at="2025-08-04T20:40:49 IST" duration-ms="7879">
    <groups>
    </groups>
    <test started-at="2025-08-04T20:40:41 IST" name="Default test" finished-at="2025-08-04T20:40:49 IST" duration-ms="7879">
      <class name="testCases.TC005_Add2CartTest">
        <test-method is-config="true" signature="setup()[pri:0, instance:testCases.TC005_Add2CartTest@6913c1fb]" started-at="2025-08-04T20:40:41 IST" name="setup" finished-at="2025-08-04T20:40:45 IST" duration-ms="3412" status="PASS">
          <reporter-output>
          </reporter-output>
        </test-method> <!-- setup -->
        <test-method signature="verifycart()[pri:0, instance:testCases.TC005_Add2CartTest@6913c1fb]" started-at="2025-08-04T20:40:45 IST" name="verifycart" finished-at="2025-08-04T20:40:49 IST" duration-ms="4396" status="PASS">
          <reporter-output>
          </reporter-output>
        </test-method> <!-- verifycart -->
      </class> <!-- testCases.TC005_Add2CartTest -->
    </test> <!-- Default test -->
  </suite> <!-- Default suite -->
</testng-results>
